ERROR: 
Invalid type for cat_feature[non-default value idx=104,feature_idx=3]=nan : cat_features must be integer or string, real number values and NaN values should be converted to string.

Traceback (most recent call last):
  File "_catboost.pyx", line 2372, in _catboost.get_cat_factor_bytes_representation
  File "_catboost.pyx", line 1892, in _catboost.get_id_object_bytes_string_representation
_catboost.CatBoostError: bad object for id: nan

During handling of the above exception, another exception occurred:

Traceback (most recent call last):
  File "C:\Users\Omar\Desktop\senior\SeniorMAC\phase5b\pipeline.py", line 355, in <module>
    main()
  File "C:\Users\Omar\Desktop\senior\SeniorMAC\phase5b\pipeline.py", line 344, in main
    model_cat, cat_metrics = run_catboost(X[cat_cols + num_cols], y, cat_cols)
                             ^^^^^^^^^^^^^^^^^^^^^^^^^^^^^^^^^^^^^^^^^^^^^^^^^
  File "C:\Users\Omar\Desktop\senior\SeniorMAC\phase5b\pipeline.py", line 184, in run_catboost
    tr_pool = Pool(X.iloc[tr], y.iloc[tr], cat_features=cat_idx)
              ^^^^^^^^^^^^^^^^^^^^^^^^^^^^^^^^^^^^^^^^^^^^^^^^^^
  File "C:\Users\Omar\AppData\Local\Programs\Python\Python311\Lib\site-packages\catboost\core.py", line 793, in __init__
    self._init(data, label, cat_features, text_features, embedding_features, embedding_features_data, pairs, weight,
  File "C:\Users\Omar\AppData\Local\Programs\Python\Python311\Lib\site-packages\catboost\core.py", line 1425, in _init
    self._init_pool(data, label, cat_features, text_features, embedding_features, embedding_features_data, pairs, weight,
  File "_catboost.pyx", line 3976, in _catboost._PoolBase._init_pool
  File "_catboost.pyx", line 4026, in _catboost._PoolBase._init_pool
  File "_catboost.pyx", line 3842, in _catboost._PoolBase._init_features_order_layout_pool
  File "_catboost.pyx", line 2781, in _catboost._set_features_order_data_pd_data_frame
  File "_catboost.pyx", line 2379, in _catboost.get_cat_factor_bytes_representation
_catboost.CatBoostError: Invalid type for cat_feature[non-default value idx=104,feature_idx=3]=nan : cat_features must be integer or string, real number values and NaN values should be converted to string.
